[2004-02-13T16:12:07-0600] RECORD=SMS DIRECTION=MO ORIG_MSISDN=6125555555 ORIG_USER=Regina_George DEST_MSISDN=3125555555 DEST_USER=Cady_Heron MSG_ID=9F3A12 SMSC=+13125550000 STATUS=DELIVERED ENCODING=GSM7 CELL_ID=MN-4421 TEXT="Do you have plans tomorrow?"
[2004-02-13T16:12:44-0600] RECORD=SMS DIRECTION=MT ORIG_MSISDN=3125555555 ORIG_USER=Cady_Heron DEST_MSISDN=6125555555 DEST_USER=Regina_George MSG_ID=9F3A13 SMSC=+16125550000 STATUS=RECEIVED ENCODING=GSM7 CELL_ID=MN-4421 TEXT="Um not really? Why?"
[2004-02-13T16:13:09-0600] RECORD=SMS DIRECTION=MO ORIG_MSISDN=6125555555 DEST_MSISDN=3125555555 MSG_ID=9F3A14 SMSC=+13125550000 STATUS=DELIVERED ENCODING=GSM7 CELL_ID=MN-4421 TEXT="Just checking <3"
[2004-02-13T16:13:41-0600] RECORD=MMS DIRECTION=MO ORIG_MSISDN=6125555555 DEST_MSISDN=3125555555 MSG_ID=MMS221 SMSC=+13125550000 STATUS=DELIVERED ATTACHMENT=IMG_0213.JPG SIZE_BYTES=188416 MIME_TYPE=image/jpeg CELL_ID=MN-4421
[2004-02-13T16:13:43-0600] RECORD=SYSTEM EVENT=MMS_AV_SCAN MSG_ID=MMS221 RESULT=CLEAN ENGINE=NSC-AV VERSION=1.4
[2004-02-13T16:18:02-0600] RECORD=SMS DIRECTION=MT ORIG_MSISDN=3125555555 DEST_MSISDN=6125555555 MSG_ID=9F3A15 SMSC=+16125550000 STATUS=RECEIVED ENCODING=GSM7 CELL_ID=MN-4421 TEXT="Is that for Valentine’s Day?"
[2004-02-13T16:19:51-0600] RECORD=SMS DIRECTION=MO ORIG_MSISDN=6125555555 DEST_MSISDN=3125555555 MSG_ID=9F3A16 SMSC=+13125550000 STATUS=DELIVERED CELL_ID=MN-4421 TEXT="Obviously. We’re doing something special at lunch."
[2004-02-13T16:47:18-0600] RECORD=SMS DIRECTION=MT ORIG_MSISDN=6515555555 ORIG_USER=Gretchen_Wieners DEST_MSISDN=6125555555 MSG_ID=9F3A17 SMSC=+16515550000 STATUS=RECEIVED CELL_ID=MN-4432 TEXT="So are we exchanging gifts or no??"
[2004-02-13T16:49:02-0600] RECORD=SMS DIRECTION=MO ORIG_MSISDN=6125555555 DEST_MSISDN=6515555555 MSG_ID=9F3A18 SMSC=+13125550000 STATUS=DELIVERED CELL_ID=MN-4432 TEXT="Yes. Keep it cute. Not embarrassing."
[2004-02-13T17:02:19-0600] RECORD=SMS DIRECTION=MT ORIG_MSISDN=7635555555 ORIG_USER=Karen_Smith DEST_MSISDN=6125555555 MSG_ID=9F3A19 SMSC=+17635550000 STATUS=RECEIVED CELL_ID=MN-4432 TEXT="Do we have to bring cards"
[2004-02-13T17:03:01-0600] RECORD=SMS DIRECTION=MO ORIG_MSISDN=6125555555 DEST_MSISDN=7635555555 MSG_ID=9F3A1A SMSC=+13125550000 STATUS=DELIVERED CELL_ID=MN-4432 TEXT="Yes Karen. It’s Valentine’s Day."
[2004-02-14T07:23:06-0600] RECORD=SMS DIRECTION=MO ORIG_MSISDN=6125555555 DEST_MSISDN=MULTICAST COUNT=3 MSG_ID=9F3A1B SMSC=+13125550000 STATUS=DELIVERED CELL_ID=MN-4480 TEXT="Wear pink."
[2004-02-14T07:23:07-0600] RECORD=SECURITY EVENT=MASS_MESSAGING_DETECTED MSG_ID=9F3A1B THRESHOLD=3 MESSAGES_IN_WINDOW=3 WINDOW=1s
[2004-02-14T07:30:11-0600] RECORD=SMS DIRECTION=MT ORIG_MSISDN=8475555555 ORIG_USER=Janis_Ian DEST_MSISDN=6125555555 MSG_ID=9F3A1C SMSC=+18475550000 STATUS=RECEIVED CELL_ID=MN-4481 TEXT="She told everyone to wear pink again didn’t she"
[2004-02-14T12:08:44-0600] RECORD=SMS DIRECTION=MO ORIG_MSISDN=6125555555 DEST_MSISDN=3125555555 MSG_ID=9F3A1D SMSC=+13125550000 STATUS=DELAYED DELAY_SECONDS=37 CELL_ID=MN-4490 TEXT="Save me a seat."
[2004-02-14T12:09:21-0600] RECORD=SYSTEM EVENT=SMS_DELAY CAUSE=NETWORK_CONGESTION TRAFFIC_PROFILE=LUNCH_HOUR
[2004-02-14T13:14:09-0600] RECORD=SMS DIRECTION=MT ORIG_MSISDN=0000000000 DEST_MSISDN=6125555555 MSG_ID=9F3A1E STATUS=QUARANTINED CELL_ID=MN-4491 TEXT="Tell Cady she’s not invited anymore."
[2004-02-14T13:14:09-0600] RECORD=SECURITY EVENT=SENDER_VERIFICATION_FAILED INDICATORS="INVALID_MSISDN,NO_SMSC_ROUTE,SPOOFING_SUSPECTED"
[2004-02-14T13:15:42-0600] RECORD=SECURITY ACTION=QUARANTINE MESSAGE_ID=9F3A1E USER_ALERTED=false
[2004-02-14T15:47:18-0600] RECORD=USER ACTION=DELETE_MESSAGE MSG_ID=9F3A20 DELETE_TYPE=LOGICAL RECOVERABLE=false
[2004-02-14T18:02:55-0600] RECORD=SYSTEM SUMMARY OUTBOUND_SMS=7 INBOUND_SMS=6 MMS=1 SECURITY_EVENTS=4 QUARANTINED=1 DELETED=1 ACQUISITION=LOGICAL_ONLY
